<?xml version="1.0" encoding="UTF-8"?>
<testng-results skipped="0" failed="0" ignored="0" total="1" passed="1">
  <reporter-output>
  </reporter-output>
  <suite name="Default suite" duration-ms="2986" started-at="2019-01-23T06:54:52Z" finished-at="2019-01-23T06:54:55Z">
    <groups>
    </groups>
    <test name="Default test" duration-ms="2986" started-at="2019-01-23T06:54:52Z" finished-at="2019-01-23T06:54:55Z">
      <class name="demo.GetRequest">
        <test-method status="PASS" signature="testGet()[pri:0, instance:demo.GetRequest@8bd1b6a]" name="testGet" duration-ms="2938" started-at="2019-01-23T06:54:52Z" finished-at="2019-01-23T06:54:55Z">
          <reporter-output>
          </reporter-output>
        </test-method> <!-- testGet -->
      </class> <!-- demo.GetRequest -->
    </test> <!-- Default test -->
  </suite> <!-- Default suite -->
</testng-results>
